2026-02-07T09:50:53.687Z - GET /
2026-02-07T09:50:53.809Z - GET /favicon.ico
2026-02-07T09:51:20.349Z - GET /
2026-02-07T09:51:20.398Z - GET /favicon.ico
2026-02-07T09:52:13.394Z - GET /
2026-02-07T09:52:13.453Z - GET /favicon.ico
2026-02-07T09:52:35.918Z - GET /
2026-02-07T09:52:35.959Z - GET /favicon.ico
2026-02-26T10:10:38.830Z - GET /
2026-02-26T10:10:38.907Z - GET /favicon.ico
2026-02-26T10:14:35.727Z - GET /
2026-02-26T10:14:58.289Z - GET /
2026-02-26T10:14:58.493Z - GET /
2026-02-26T10:14:58.674Z - GET /
2026-02-26T10:14:58.990Z - GET /
2026-02-26T10:16:04.146Z - GET /
2026-02-26T10:16:22.571Z - GET /?hello
2026-02-26T10:16:37.489Z - GET /?hello&id=1
2026-02-26T10:23:32.703Z - GET /?hello&id=1
2026-02-26T10:23:59.828Z - GET /?name=hello&id=1
2026-02-26T10:26:08.224Z - GET /?name=hello&id=1
2026-02-26T10:26:09.715Z - GET /?name=hello&id=1
2026-02-26T10:26:18.009Z - GET /?name=hello&id=1
2026-02-26T10:26:27.943Z - GET /?name=keyur&id=1
